<?xml version="1.0" encoding="UTF-8"?>
<!-- Generated by org.testng.reporters.JUnitReportReporter -->
<testsuite hostname="TarushDubale" failures="0" tests="4" name="test.PriorityConcepts" time="0.029" errors="0" timestamp="2025-07-23T20:56:34 IST" skipped="0">
  <testcase classname="test.PriorityConcepts" name="login" time="0.020"/>
  <system-out/>
  <testcase classname="test.PriorityConcepts" name="dashboard" time="0.002"/>
  <system-out/>
  <testcase classname="test.PriorityConcepts" name="ordered" time="0.004"/>
  <system-out/>
  <testcase classname="test.PriorityConcepts" name="payment" time="0.003"/>
  <system-out/>
</testsuite> <!-- test.PriorityConcepts -->
